<?xml version="1.0" encoding="UTF-8"?>
<coverage generated="1603124849">
  <project timestamp="1603124849">
    <package name="Vonage\Account">
      <file name="/Users/damon.williams/code/github/vonage-php-sdk-core/src/Account/Balance.php">
        <class name="Vonage\Account\Balance" namespace="Vonage\Account">
          <metrics complexity="13" methods="12" coveredmethods="9" conditionals="0" coveredconditionals="0" statements="32" coveredstatements="25" elements="44" coveredelements="34"/>
        </class>
        <line num="30" type="method" name="__construct" visibility="public" complexity="1" crap="1" count="9"/>
        <line num="32" type="stmt" count="9"/>
        <line num="33" type="stmt" count="9"/>
        <line num="34" type="stmt" count="9"/>
        <line num="36" type="method" name="getBalance" visibility="public" complexity="1" crap="1" count="1"/>
        <line num="38" type="stmt" count="1"/>
        <line num="41" type="method" name="getAutoReload" visibility="public" complexity="1" crap="1" count="1"/>
        <line num="43" type="stmt" count="1"/>
        <line num="46" type="method" name="jsonUnserialize" visibility="public" complexity="1" crap="2" count="0"/>
        <line num="48" type="stmt" count="0"/>
        <line num="49" type="stmt" count="0"/>
        <line num="50" type="stmt" count="0"/>
        <line num="52" type="stmt" count="0"/>
        <line num="53" type="stmt" count="0"/>
        <line num="55" type="method" name="jsonSerialize" visibility="public" complexity="1" crap="1" count="1"/>
        <line num="57" type="stmt" count="1"/>
        <line num="60" type="method" name="offsetExists" visibility="public" complexity="1" crap="1" count="1"/>
        <line num="62" type="stmt" count="1"/>
        <line num="63" type="stmt" count="1"/>
        <line num="64" type="stmt" count="1"/>
        <line num="66" type="stmt" count="1"/>
        <line num="69" type="method" name="offsetGet" visibility="public" complexity="1" crap="1" count="3"/>
        <line num="71" type="stmt" count="3"/>
        <line num="72" type="stmt" count="3"/>
        <line num="73" type="stmt" count="3"/>
        <line num="75" type="stmt" count="3"/>
        <line num="78" type="method" name="offsetSet" visibility="public" complexity="1" crap="1" count="1"/>
        <line num="80" type="stmt" count="1"/>
        <line num="83" type="method" name="offsetUnset" visibility="public" complexity="1" crap="1" count="1"/>
        <line num="85" type="stmt" count="1"/>
        <line num="88" type="method" name="fromArray" visibility="public" complexity="1" crap="1" count="1"/>
        <line num="90" type="stmt" count="1"/>
        <line num="91" type="stmt" count="1"/>
        <line num="92" type="stmt" count="1"/>
        <line num="94" type="stmt" count="1"/>
        <line num="96" type="method" name="toArray" visibility="public" complexity="1" crap="2" count="0"/>
        <line num="98" type="stmt" count="0"/>
        <line num="101" type="method" name="__get" visibility="public" complexity="2" crap="2.02" count="1"/>
        <line num="103" type="stmt" count="1"/>
        <line num="104" type="stmt" count="1"/>
        <line num="105" type="stmt" count="1"/>
        <line num="106" type="stmt" count="1"/>
        <line num="108" type="stmt" count="1"/>
        <line num="110" type="stmt" count="0"/>
        <metrics loc="111" ncloc="101" classes="1" methods="12" coveredmethods="9" conditionals="0" coveredconditionals="0" statements="32" coveredstatements="25" elements="44" coveredelements="34"/>
      </file>
      <file name="/Users/damon.williams/code/github/vonage-php-sdk-core/src/Account/Client.php">
        <class name="Vonage\Account\Client" namespace="Vonage\Account">
          <metrics complexity="30" methods="16" coveredmethods="15" conditionals="0" coveredconditionals="0" statements="108" coveredstatements="107" elements="124" coveredelements="122"/>
        </class>
        <line num="34" type="method" name="__construct" visibility="public" complexity="3" crap="3" count="32"/>
        <line num="36" type="stmt" count="32"/>
        <line num="37" type="stmt" count="32"/>
        <line num="38" type="stmt" count="32"/>
        <line num="44" type="method" name="getAccountAPI" visibility="public" complexity="2" crap="2" count="19"/>
        <line num="46" type="stmt" count="19"/>
        <line num="47" type="stmt" count="18"/>
        <line num="48" type="stmt" count="18"/>
        <line num="49" type="stmt" count="18"/>
        <line num="50" type="stmt" count="18"/>
        <line num="51" type="stmt" count="18"/>
        <line num="52" type="stmt" count="18"/>
        <line num="54" type="stmt" count="18"/>
        <line num="56" type="stmt" count="19"/>
        <line num="59" type="method" name="getAPIResource" visibility="public" complexity="1" crap="2" count="0"/>
        <line num="61" type="stmt" count="0"/>
        <line num="68" type="method" name="getSecretsAPI" visibility="public" complexity="2" crap="2" count="14"/>
        <line num="70" type="stmt" count="14"/>
        <line num="71" type="stmt" count="13"/>
        <line num="72" type="stmt" count="13"/>
        <line num="73" type="stmt" count="13"/>
        <line num="74" type="stmt" count="13"/>
        <line num="75" type="stmt" count="13"/>
        <line num="76" type="stmt" count="13"/>
        <line num="78" type="stmt" count="13"/>
        <line num="80" type="stmt" count="14"/>
        <line num="87" type="method" name="getPrefixPricing" visibility="public" complexity="3" crap="3" count="4"/>
        <line num="89" type="stmt" count="4"/>
        <line num="90" type="stmt" count="4"/>
        <line num="91" type="stmt" count="4"/>
        <line num="93" type="stmt" count="4"/>
        <line num="95" type="stmt" count="4"/>
        <line num="96" type="stmt" count="1"/>
        <line num="100" type="stmt" count="1"/>
        <line num="102" type="stmt" count="1"/>
        <line num="103" type="stmt" count="1"/>
        <line num="104" type="stmt" count="1"/>
        <line num="105" type="stmt" count="1"/>
        <line num="108" type="stmt" count="1"/>
        <line num="114" type="method" name="getSmsPrice" visibility="public" complexity="1" crap="1" count="2"/>
        <line num="116" type="stmt" count="2"/>
        <line num="117" type="stmt" count="1"/>
        <line num="118" type="stmt" count="1"/>
        <line num="119" type="stmt" count="1"/>
        <line num="125" type="method" name="getVoicePrice" visibility="public" complexity="1" crap="1" count="1"/>
        <line num="127" type="stmt" count="1"/>
        <line num="128" type="stmt" count="1"/>
        <line num="129" type="stmt" count="1"/>
        <line num="130" type="stmt" count="1"/>
        <line num="136" type="method" name="makePricingRequest" visibility="protected" complexity="2" crap="2" count="3"/>
        <line num="138" type="stmt" count="3"/>
        <line num="139" type="stmt" count="3"/>
        <line num="140" type="stmt" count="3"/>
        <line num="141" type="stmt" count="3"/>
        <line num="143" type="stmt" count="3"/>
        <line num="144" type="stmt" count="1"/>
        <line num="147" type="stmt" count="2"/>
        <line num="155" type="method" name="getBalance" visibility="public" complexity="2" crap="2" count="2"/>
        <line num="157" type="stmt" count="2"/>
        <line num="159" type="stmt" count="2"/>
        <line num="160" type="stmt" count="1"/>
        <line num="163" type="stmt" count="1"/>
        <line num="164" type="stmt" count="1"/>
        <line num="167" type="method" name="topUp" visibility="public" complexity="1" crap="1" count="4"/>
        <line num="169" type="stmt" count="4"/>
        <line num="170" type="stmt" count="4"/>
        <line num="171" type="stmt" count="4"/>
        <line num="172" type="stmt" count="1"/>
        <line num="177" type="method" name="getConfig" visibility="public" complexity="2" crap="2" count="2"/>
        <line num="179" type="stmt" count="2"/>
        <line num="180" type="stmt" count="2"/>
        <line num="181" type="stmt" count="2"/>
        <line num="183" type="stmt" count="2"/>
        <line num="184" type="stmt" count="1"/>
        <line num="187" type="stmt" count="1"/>
        <line num="189" type="stmt" count="1"/>
        <line num="190" type="stmt" count="1"/>
        <line num="191" type="stmt" count="1"/>
        <line num="192" type="stmt" count="1"/>
        <line num="193" type="stmt" count="1"/>
        <line num="194" type="stmt" count="1"/>
        <line num="196" type="stmt" count="1"/>
        <line num="202" type="method" name="updateConfig" visibility="public" complexity="4" crap="4" count="3"/>
        <line num="205" type="stmt" count="3"/>
        <line num="206" type="stmt" count="3"/>
        <line num="207" type="stmt" count="3"/>
        <line num="210" type="stmt" count="3"/>
        <line num="211" type="stmt" count="1"/>
        <line num="214" type="stmt" count="3"/>
        <line num="215" type="stmt" count="3"/>
        <line num="217" type="stmt" count="3"/>
        <line num="219" type="stmt" count="2"/>
        <line num="220" type="stmt" count="1"/>
        <line num="223" type="stmt" count="1"/>
        <line num="225" type="stmt" count="1"/>
        <line num="226" type="stmt" count="1"/>
        <line num="227" type="stmt" count="1"/>
        <line num="228" type="stmt" count="1"/>
        <line num="229" type="stmt" count="1"/>
        <line num="230" type="stmt" count="1"/>
        <line num="232" type="stmt" count="1"/>
        <line num="235" type="method" name="listSecrets" visibility="public" complexity="1" crap="1" count="3"/>
        <line num="237" type="stmt" count="3"/>
        <line num="239" type="stmt" count="3"/>
        <line num="240" type="stmt" count="1"/>
        <line num="243" type="method" name="getSecret" visibility="public" complexity="1" crap="1" count="3"/>
        <line num="245" type="stmt" count="3"/>
        <line num="247" type="stmt" count="3"/>
        <line num="248" type="stmt" count="1"/>
        <line num="254" type="method" name="createSecret" visibility="public" complexity="3" crap="3" count="4"/>
        <line num="256" type="stmt" count="4"/>
        <line num="257" type="stmt" count="4"/>
        <line num="260" type="stmt" count="4"/>
        <line num="261" type="stmt" count="3"/>
        <line num="264" type="stmt" count="2"/>
        <line num="265" type="stmt" count="2"/>
        <line num="266" type="stmt" count="1"/>
        <line num="268" type="stmt" count="1"/>
        <line num="271" type="stmt" count="1"/>
        <line num="274" type="method" name="deleteSecret" visibility="public" complexity="1" crap="1" count="3"/>
        <line num="276" type="stmt" count="3"/>
        <line num="277" type="stmt" count="3"/>
        <line num="278" type="stmt" count="3"/>
        <line num="279" type="stmt" count="1"/>
        <metrics loc="280" ncloc="225" classes="1" methods="16" coveredmethods="15" conditionals="0" coveredconditionals="0" statements="108" coveredstatements="107" elements="124" coveredelements="122"/>
      </file>
      <file name="/Users/damon.williams/code/github/vonage-php-sdk-core/src/Account/ClientFactory.php">
        <class name="Vonage\Account\ClientFactory" namespace="Vonage\Account">
          <metrics complexity="1" methods="1" coveredmethods="1" conditionals="0" coveredconditionals="0" statements="7" coveredstatements="7" elements="8" coveredelements="8"/>
        </class>
        <line num="11" type="method" name="__invoke" visibility="public" complexity="1" crap="1" count="1"/>
        <line num="14" type="stmt" count="1"/>
        <line num="16" type="stmt" count="1"/>
        <line num="17" type="stmt" count="1"/>
        <line num="18" type="stmt" count="1"/>
        <line num="21" type="stmt" count="1"/>
        <line num="22" type="stmt" count="1"/>
        <line num="24" type="stmt" count="1"/>
        <metrics loc="26" ncloc="25" classes="1" methods="1" coveredmethods="1" conditionals="0" coveredconditionals="0" statements="7" coveredstatements="7" elements="8" coveredelements="8"/>
      </file>
      <file name="/Users/damon.williams/code/github/vonage-php-sdk-core/src/Account/Config.php">
        <class name="Vonage\Account\Config" namespace="Vonage\Account">
          <metrics complexity="21" methods="15" coveredmethods="7" conditionals="0" coveredconditionals="0" statements="46" coveredstatements="20" elements="61" coveredelements="27"/>
        </class>
        <line num="23" type="method" name="__construct" visibility="public" complexity="6" crap="6" count="4"/>
        <line num="25" type="stmt" count="4"/>
        <line num="26" type="stmt" count="4"/>
        <line num="28" type="stmt" count="4"/>
        <line num="29" type="stmt" count="4"/>
        <line num="31" type="stmt" count="4"/>
        <line num="32" type="stmt" count="4"/>
        <line num="34" type="stmt" count="4"/>
        <line num="35" type="stmt" count="4"/>
        <line num="37" type="stmt" count="4"/>
        <line num="38" type="stmt" count="4"/>
        <line num="40" type="stmt" count="4"/>
        <line num="42" type="method" name="getSmsCallbackUrl" visibility="public" complexity="1" crap="1" count="1"/>
        <line num="44" type="stmt" count="1"/>
        <line num="47" type="method" name="getDrCallbackUrl" visibility="public" complexity="1" crap="1" count="1"/>
        <line num="49" type="stmt" count="1"/>
        <line num="52" type="method" name="getMaxOutboundRequest" visibility="public" complexity="1" crap="1" count="1"/>
        <line num="54" type="stmt" count="1"/>
        <line num="57" type="method" name="getMaxInboundRequest" visibility="public" complexity="1" crap="1" count="1"/>
        <line num="59" type="stmt" count="1"/>
        <line num="62" type="method" name="getMaxCallsPerSecond" visibility="public" complexity="1" crap="1" count="1"/>
        <line num="64" type="stmt" count="1"/>
        <line num="67" type="method" name="jsonUnserialize" visibility="public" complexity="1" crap="2" count="0"/>
        <line num="69" type="stmt" count="0"/>
        <line num="70" type="stmt" count="0"/>
        <line num="71" type="stmt" count="0"/>
        <line num="74" type="stmt" count="0"/>
        <line num="75" type="stmt" count="0"/>
        <line num="77" type="method" name="fromArray" visibility="public" complexity="1" crap="2" count="0"/>
        <line num="79" type="stmt" count="0"/>
        <line num="80" type="stmt" count="0"/>
        <line num="81" type="stmt" count="0"/>
        <line num="82" type="stmt" count="0"/>
        <line num="83" type="stmt" count="0"/>
        <line num="84" type="stmt" count="0"/>
        <line num="86" type="stmt" count="0"/>
        <line num="88" type="method" name="jsonSerialize" visibility="public" complexity="1" crap="2" count="0"/>
        <line num="90" type="stmt" count="0"/>
        <line num="93" type="method" name="toArray" visibility="public" complexity="1" crap="2" count="0"/>
        <line num="95" type="stmt" count="0"/>
        <line num="98" type="method" name="offsetExists" visibility="public" complexity="1" crap="2" count="0"/>
        <line num="100" type="stmt" count="0"/>
        <line num="101" type="stmt" count="0"/>
        <line num="102" type="stmt" count="0"/>
        <line num="104" type="stmt" count="0"/>
        <line num="107" type="method" name="offsetGet" visibility="public" complexity="1" crap="1" count="1"/>
        <line num="109" type="stmt" count="1"/>
        <line num="110" type="stmt" count="1"/>
        <line num="111" type="stmt" count="1"/>
        <line num="113" type="stmt" count="1"/>
        <line num="116" type="method" name="offsetSet" visibility="public" complexity="1" crap="2" count="0"/>
        <line num="118" type="stmt" count="0"/>
        <line num="121" type="method" name="offsetUnset" visibility="public" complexity="1" crap="2" count="0"/>
        <line num="123" type="stmt" count="0"/>
        <line num="126" type="method" name="__get" visibility="public" complexity="2" crap="6" count="0"/>
        <line num="128" type="stmt" count="0"/>
        <line num="129" type="stmt" count="0"/>
        <line num="130" type="stmt" count="0"/>
        <line num="131" type="stmt" count="0"/>
        <line num="133" type="stmt" count="0"/>
        <line num="135" type="stmt" count="0"/>
        <metrics loc="136" ncloc="133" classes="1" methods="15" coveredmethods="7" conditionals="0" coveredconditionals="0" statements="46" coveredstatements="20" elements="61" coveredelements="27"/>
      </file>
      <file name="/Users/damon.williams/code/github/vonage-php-sdk-core/src/Account/PrefixPrice.php">
        <class name="Vonage\Account\PrefixPrice" namespace="Vonage\Account">
          <metrics complexity="1" methods="1" coveredmethods="1" conditionals="0" coveredconditionals="0" statements="1" coveredstatements="1" elements="2" coveredelements="2"/>
        </class>
        <line num="11" type="method" name="getCurrency" visibility="public" complexity="1" crap="1" count="1"/>
        <line num="13" type="stmt" count="1"/>
        <metrics loc="15" ncloc="15" classes="1" methods="1" coveredmethods="1" conditionals="0" coveredconditionals="0" statements="1" coveredstatements="1" elements="2" coveredelements="2"/>
      </file>
      <file name="/Users/damon.williams/code/github/vonage-php-sdk-core/src/Account/Price.php">
        <class name="Vonage\Account\Price" namespace="Vonage\Account">
          <metrics complexity="29" methods="17" coveredmethods="8" conditionals="0" coveredconditionals="0" statements="64" coveredstatements="41" elements="81" coveredelements="49"/>
        </class>
        <line num="36" type="method" name="getCountryCode" visibility="public" complexity="1" crap="1" count="4"/>
        <line num="38" type="stmt" count="4"/>
        <line num="41" type="method" name="getCountryDisplayName" visibility="public" complexity="1" crap="1" count="2"/>
        <line num="43" type="stmt" count="2"/>
        <line num="46" type="method" name="getCountryName" visibility="public" complexity="1" crap="1" count="4"/>
        <line num="48" type="stmt" count="4"/>
        <line num="51" type="method" name="getDialingPrefix" visibility="public" complexity="1" crap="1" count="4"/>
        <line num="53" type="stmt" count="4"/>
        <line num="56" type="method" name="getDefaultPrice" visibility="public" complexity="3" crap="4.94" count="3"/>
        <line num="58" type="stmt" count="3"/>
        <line num="59" type="stmt" count="3"/>
        <line num="62" type="stmt" count="0"/>
        <line num="63" type="stmt" count="0"/>
        <line num="65" type="stmt" count="0"/>
        <line num="68" type="method" name="getCurrency" visibility="public" complexity="1" crap="2" count="0"/>
        <line num="70" type="stmt" count="0"/>
        <line num="73" type="method" name="getNetworks" visibility="public" complexity="1" crap="1" count="3"/>
        <line num="75" type="stmt" count="3"/>
        <line num="78" type="method" name="getPriceForNetwork" visibility="public" complexity="2" crap="2" count="3"/>
        <line num="80" type="stmt" count="3"/>
        <line num="81" type="stmt" count="3"/>
        <line num="82" type="stmt" count="2"/>
        <line num="85" type="stmt" count="1"/>
        <line num="88" type="method" name="jsonUnserialize" visibility="public" complexity="1" crap="2" count="0"/>
        <line num="90" type="stmt" count="0"/>
        <line num="91" type="stmt" count="0"/>
        <line num="92" type="stmt" count="0"/>
        <line num="94" type="stmt" count="0"/>
        <line num="95" type="stmt" count="0"/>
        <line num="97" type="method" name="fromArray" visibility="public" complexity="9" crap="9" count="3"/>
        <line num="100" type="stmt" count="3"/>
        <line num="101" type="stmt" count="3"/>
        <line num="102" type="stmt" count="3"/>
        <line num="105" type="stmt" count="3"/>
        <line num="106" type="stmt" count="1"/>
        <line num="109" type="stmt" count="3"/>
        <line num="110" type="stmt" count="1"/>
        <line num="111" type="stmt" count="1"/>
        <line num="114" type="stmt" count="3"/>
        <line num="115" type="stmt" count="1"/>
        <line num="118" type="stmt" count="3"/>
        <line num="122" type="stmt" count="3"/>
        <line num="123" type="stmt" count="3"/>
        <line num="124" type="stmt" count="3"/>
        <line num="125" type="stmt" count="3"/>
        <line num="126" type="stmt" count="1"/>
        <line num="127" type="stmt" count="1"/>
        <line num="130" type="stmt" count="3"/>
        <line num="131" type="stmt" count="1"/>
        <line num="132" type="stmt" count="1"/>
        <line num="135" type="stmt" count="3"/>
        <line num="136" type="stmt" count="3"/>
        <line num="137" type="stmt" count="3"/>
        <line num="141" type="stmt" count="3"/>
        <line num="142" type="stmt" count="3"/>
        <line num="143" type="stmt" count="3"/>
        <line num="145" type="method" name="jsonSerialize" visibility="public" complexity="1" crap="2" count="0"/>
        <line num="147" type="stmt" count="0"/>
        <line num="150" type="method" name="toArray" visibility="public" complexity="1" crap="2" count="0"/>
        <line num="152" type="stmt" count="0"/>
        <line num="155" type="method" name="offsetExists" visibility="public" complexity="1" crap="2" count="0"/>
        <line num="157" type="stmt" count="0"/>
        <line num="158" type="stmt" count="0"/>
        <line num="159" type="stmt" count="0"/>
        <line num="161" type="stmt" count="0"/>
        <line num="164" type="method" name="offsetGet" visibility="public" complexity="1" crap="1" count="5"/>
        <line num="166" type="stmt" count="5"/>
        <line num="167" type="stmt" count="5"/>
        <line num="168" type="stmt" count="5"/>
        <line num="170" type="stmt" count="5"/>
        <line num="173" type="method" name="offsetSet" visibility="public" complexity="1" crap="2" count="0"/>
        <line num="175" type="stmt" count="0"/>
        <line num="178" type="method" name="offsetUnset" visibility="public" complexity="1" crap="2" count="0"/>
        <line num="180" type="stmt" count="0"/>
        <line num="183" type="method" name="__get" visibility="public" complexity="2" crap="6" count="0"/>
        <line num="185" type="stmt" count="0"/>
        <line num="186" type="stmt" count="0"/>
        <line num="187" type="stmt" count="0"/>
        <line num="188" type="stmt" count="0"/>
        <line num="190" type="stmt" count="0"/>
        <line num="192" type="stmt" count="0"/>
        <metrics loc="193" ncloc="181" classes="1" methods="17" coveredmethods="8" conditionals="0" coveredconditionals="0" statements="64" coveredstatements="41" elements="81" coveredelements="49"/>
      </file>
      <file name="/Users/damon.williams/code/github/vonage-php-sdk-core/src/Account/Secret.php">
        <class name="Vonage\Account\Secret" namespace="Vonage\Account">
          <metrics complexity="13" methods="10" coveredmethods="5" conditionals="0" coveredconditionals="0" statements="27" coveredstatements="14" elements="37" coveredelements="19"/>
        </class>
        <line num="12" type="method" name="__construct" visibility="public" complexity="3" crap="3" count="11"/>
        <line num="14" type="stmt" count="11"/>
        <line num="15" type="stmt" count="1"/>
        <line num="17" type="stmt" count="11"/>
        <line num="18" type="stmt" count="1"/>
        <line num="21" type="stmt" count="11"/>
        <line num="22" type="stmt" count="11"/>
        <line num="24" type="method" name="getId" visibility="public" complexity="1" crap="1" count="1"/>
        <line num="26" type="stmt" count="1"/>
        <line num="29" type="method" name="getCreatedAt" visibility="public" complexity="1" crap="1" count="1"/>
        <line num="31" type="stmt" count="1"/>
        <line num="34" type="method" name="getLinks" visibility="public" complexity="1" crap="2" count="0"/>
        <line num="36" type="stmt" count="0"/>
        <line num="42" type="method" name="fromApi" visibility="public" complexity="1" crap="1" count="8"/>
        <line num="44" type="stmt" count="8"/>
        <line num="45" type="stmt" count="8"/>
        <line num="48" type="method" name="offsetExists" visibility="public" complexity="1" crap="2" count="0"/>
        <line num="50" type="stmt" count="0"/>
        <line num="51" type="stmt" count="0"/>
        <line num="52" type="stmt" count="0"/>
        <line num="54" type="stmt" count="0"/>
        <line num="57" type="method" name="offsetGet" visibility="public" complexity="1" crap="1" count="1"/>
        <line num="59" type="stmt" count="1"/>
        <line num="60" type="stmt" count="1"/>
        <line num="61" type="stmt" count="1"/>
        <line num="63" type="stmt" count="1"/>
        <line num="66" type="method" name="offsetSet" visibility="public" complexity="1" crap="2" count="0"/>
        <line num="68" type="stmt" count="0"/>
        <line num="71" type="method" name="offsetUnset" visibility="public" complexity="1" crap="2" count="0"/>
        <line num="73" type="stmt" count="0"/>
        <line num="76" type="method" name="__get" visibility="public" complexity="2" crap="6" count="0"/>
        <line num="78" type="stmt" count="0"/>
        <line num="79" type="stmt" count="0"/>
        <line num="80" type="stmt" count="0"/>
        <line num="81" type="stmt" count="0"/>
        <line num="83" type="stmt" count="0"/>
        <line num="85" type="stmt" count="0"/>
        <metrics loc="86" ncloc="83" classes="1" methods="10" coveredmethods="5" conditionals="0" coveredconditionals="0" statements="27" coveredstatements="14" elements="37" coveredelements="19"/>
      </file>
      <file name="/Users/damon.williams/code/github/vonage-php-sdk-core/src/Account/SecretCollection.php">
        <class name="Vonage\Account\SecretCollection" namespace="Vonage\Account">
          <metrics complexity="11" methods="8" coveredmethods="5" conditionals="0" coveredconditionals="0" statements="24" coveredstatements="18" elements="32" coveredelements="23"/>
        </class>
        <line num="11" type="method" name="__construct" visibility="public" complexity="3" crap="3" count="5"/>
        <line num="13" type="stmt" count="5"/>
        <line num="14" type="stmt" count="5"/>
        <line num="15" type="stmt" count="5"/>
        <line num="18" type="stmt" count="5"/>
        <line num="19" type="stmt" count="5"/>
        <line num="20" type="stmt" count="1"/>
        <line num="23" type="stmt" count="5"/>
        <line num="25" type="method" name="getSecrets" visibility="public" complexity="1" crap="1" count="2"/>
        <line num="27" type="stmt" count="2"/>
        <line num="30" type="method" name="getLinks" visibility="public" complexity="1" crap="1" count="2"/>
        <line num="32" type="stmt" count="2"/>
        <line num="38" type="method" name="fromApi" visibility="public" complexity="2" crap="2" count="4"/>
        <line num="40" type="stmt" count="4"/>
        <line num="41" type="stmt" count="4"/>
        <line num="42" type="stmt" count="4"/>
        <line num="43" type="stmt" count="4"/>
        <line num="45" type="stmt" count="4"/>
        <line num="48" type="method" name="offsetExists" visibility="public" complexity="1" crap="2" count="0"/>
        <line num="50" type="stmt" count="0"/>
        <line num="51" type="stmt" count="0"/>
        <line num="52" type="stmt" count="0"/>
        <line num="54" type="stmt" count="0"/>
        <line num="57" type="method" name="offsetGet" visibility="public" complexity="1" crap="1" count="1"/>
        <line num="59" type="stmt" count="1"/>
        <line num="60" type="stmt" count="1"/>
        <line num="61" type="stmt" count="1"/>
        <line num="63" type="stmt" count="1"/>
        <line num="66" type="method" name="offsetSet" visibility="public" complexity="1" crap="2" count="0"/>
        <line num="68" type="stmt" count="0"/>
        <line num="71" type="method" name="offsetUnset" visibility="public" complexity="1" crap="2" count="0"/>
        <line num="73" type="stmt" count="0"/>
        <metrics loc="75" ncloc="72" classes="1" methods="8" coveredmethods="5" conditionals="0" coveredconditionals="0" statements="24" coveredstatements="18" elements="32" coveredelements="23"/>
      </file>
      <file name="/Users/damon.williams/code/github/vonage-php-sdk-core/src/Account/SmsPrice.php">
        <class name="Vonage\Account\SmsPrice" namespace="Vonage\Account">
          <metrics complexity="0" methods="0" coveredmethods="0" conditionals="0" coveredconditionals="0" statements="0" coveredstatements="0" elements="0" coveredelements="0"/>
        </class>
        <metrics loc="8" ncloc="8" classes="0" methods="0" coveredmethods="0" conditionals="0" coveredconditionals="0" statements="0" coveredstatements="0" elements="0" coveredelements="0"/>
      </file>
      <file name="/Users/damon.williams/code/github/vonage-php-sdk-core/src/Account/VoicePrice.php">
        <class name="Vonage\Account\VoicePrice" namespace="Vonage\Account">
          <metrics complexity="0" methods="0" coveredmethods="0" conditionals="0" coveredconditionals="0" statements="0" coveredstatements="0" elements="0" coveredelements="0"/>
        </class>
        <metrics loc="8" ncloc="8" classes="0" methods="0" coveredmethods="0" conditionals="0" coveredconditionals="0" statements="0" coveredstatements="0" elements="0" coveredelements="0"/>
      </file>
    </package>
    <package name="Vonage">
      <file name="/Users/damon.williams/code/github/vonage-php-sdk-core/src/ApiErrorHandler.php">
        <class name="Vonage\ApiErrorHandler" namespace="Vonage">
          <metrics complexity="6" methods="1" coveredmethods="1" conditionals="0" coveredconditionals="0" statements="13" coveredstatements="13" elements="14" coveredelements="14"/>
        </class>
        <line num="9" type="method" name="check" visibility="public" complexity="6" crap="6" count="6"/>
        <line num="11" type="stmt" count="6"/>
        <line num="14" type="stmt" count="6"/>
        <line num="15" type="stmt" count="1"/>
        <line num="19" type="stmt" count="5"/>
        <line num="20" type="stmt" count="5"/>
        <line num="21" type="stmt" count="3"/>
        <line num="23" type="stmt" count="2"/>
        <line num="26" type="stmt" count="5"/>
        <line num="29" type="stmt" count="5"/>
        <line num="30" type="stmt" count="2"/>
        <line num="35" type="stmt" count="3"/>
        <line num="36" type="stmt" count="1"/>
        <line num="40" type="stmt" count="2"/>
        <metrics loc="42" ncloc="30" classes="1" methods="1" coveredmethods="1" conditionals="0" coveredconditionals="0" statements="13" coveredstatements="13" elements="14" coveredelements="14"/>
      </file>
      <file name="/Users/damon.williams/code/github/vonage-php-sdk-core/src/Client.php">
        <class name="Vonage\Client" namespace="Vonage">
          <metrics complexity="70" methods="25" coveredmethods="12" conditionals="0" coveredconditionals="0" statements="193" coveredstatements="161" elements="218" coveredelements="173"/>
        </class>
        <line num="77" type="method" name="__construct" visibility="public" complexity="14" crap="14.71" count="161"/>
        <line num="79" type="stmt" count="41"/>
        <line num="82" type="stmt" count="8"/>
        <line num="83" type="stmt" count="0"/>
        <line num="84" type="stmt" count="8"/>
        <line num="85" type="stmt" count="8"/>
        <line num="89" type="stmt" count="41"/>
        <line num="92" type="stmt" count="41"/>
        <line num="93" type="stmt" count="0"/>
        <line num="96" type="stmt" count="41"/>
        <line num="98" type="stmt" count="41"/>
        <line num="101" type="stmt" count="41"/>
        <line num="102" type="stmt" count="9"/>
        <line num="107" type="stmt" count="33"/>
        <line num="108" type="stmt" count="33"/>
        <line num="112" type="stmt" count="33"/>
        <line num="113" type="stmt" count="0"/>
        <line num="116" type="stmt" count="33"/>
        <line num="117" type="stmt" count="0"/>
        <line num="120" type="stmt" count="33"/>
        <line num="122" type="stmt" count="33"/>
        <line num="143" type="stmt" count="33"/>
        <line num="144" type="stmt" count="33"/>
        <line num="152" type="stmt" count="161"/>
        <line num="153" type="stmt" count="33"/>
        <line num="154" type="stmt" count="33"/>
        <line num="157" type="stmt" count="33"/>
        <line num="159" type="method" name="getRestUrl" visibility="public" complexity="1" crap="2" count="0"/>
        <line num="161" type="stmt" count="0"/>
        <line num="164" type="method" name="getApiUrl" visibility="public" complexity="1" crap="2" count="0"/>
        <line num="166" type="stmt" count="0"/>
        <line num="178" type="method" name="setHttpClient" visibility="public" complexity="1" crap="1" count="41"/>
        <line num="180" type="stmt" count="41"/>
        <line num="181" type="stmt" count="41"/>
        <line num="189" type="method" name="getHttpClient" visibility="public" complexity="1" crap="1" count="1"/>
        <line num="191" type="stmt" count="1"/>
        <line num="200" type="method" name="setFactory" visibility="public" complexity="1" crap="1" count="33"/>
        <line num="202" type="stmt" count="33"/>
        <line num="203" type="stmt" count="33"/>
        <line num="206" type="method" name="getFactory" visibility="public" complexity="1" crap="2" count="0"/>
        <line num="208" type="stmt" count="0"/>
        <line num="216" type="method" name="signRequest" visibility="public" complexity="3" crap="3" count="5"/>
        <line num="218" type="stmt" count="5"/>
        <line num="219" type="stmt" count="5"/>
        <line num="220" type="stmt" count="2"/>
        <line num="221" type="stmt" count="2"/>
        <line num="222" type="stmt" count="2"/>
        <line num="223" type="stmt" count="2"/>
        <line num="224" type="stmt" count="2"/>
        <line num="225" type="stmt" count="2"/>
        <line num="226" type="stmt" count="2"/>
        <line num="227" type="stmt" count="2"/>
        <line num="228" type="stmt" count="2"/>
        <line num="229" type="stmt" count="3"/>
        <line num="230" type="stmt" count="1"/>
        <line num="231" type="stmt" count="1"/>
        <line num="232" type="stmt" count="1"/>
        <line num="233" type="stmt" count="1"/>
        <line num="234" type="stmt" count="1"/>
        <line num="235" type="stmt" count="1"/>
        <line num="236" type="stmt" count="1"/>
        <line num="237" type="stmt" count="1"/>
        <line num="238" type="stmt" count="1"/>
        <line num="239" type="stmt" count="1"/>
        <line num="240" type="stmt" count="1"/>
        <line num="242" type="stmt" count="2"/>
        <line num="243" type="stmt" count="2"/>
        <line num="244" type="stmt" count="2"/>
        <line num="245" type="stmt" count="2"/>
        <line num="246" type="stmt" count="2"/>
        <line num="247" type="stmt" count="2"/>
        <line num="250" type="stmt" count="5"/>
        <line num="253" type="method" name="authRequest" visibility="public" complexity="6" crap="6.17" count="22"/>
        <line num="255" type="stmt" count="22"/>
        <line num="256" type="stmt" count="22"/>
        <line num="257" type="stmt" count="10"/>
        <line num="258" type="stmt" count="0"/>
        <line num="259" type="stmt" count="0"/>
        <line num="260" type="stmt" count="10"/>
        <line num="261" type="stmt" count="0"/>
        <line num="262" type="stmt" count="0"/>
        <line num="263" type="stmt" count="0"/>
        <line num="264" type="stmt" count="0"/>
        <line num="266" type="stmt" count="10"/>
        <line num="267" type="stmt" count="10"/>
        <line num="268" type="stmt" count="10"/>
        <line num="269" type="stmt" count="10"/>
        <line num="270" type="stmt" count="10"/>
        <line num="271" type="stmt" count="2"/>
        <line num="273" type="stmt" count="10"/>
        <line num="274" type="stmt" count="10"/>
        <line num="275" type="stmt" count="10"/>
        <line num="277" type="stmt" count="10"/>
        <line num="278" type="stmt" count="12"/>
        <line num="279" type="stmt" count="1"/>
        <line num="280" type="stmt" count="1"/>
        <line num="281" type="stmt" count="1"/>
        <line num="282" type="stmt" count="1"/>
        <line num="283" type="stmt" count="1"/>
        <line num="284" type="stmt" count="1"/>
        <line num="285" type="stmt" count="1"/>
        <line num="286" type="stmt" count="1"/>
        <line num="287" type="stmt" count="1"/>
        <line num="289" type="stmt" count="11"/>
        <line num="290" type="stmt" count="11"/>
        <line num="291" type="stmt" count="11"/>
        <line num="292" type="stmt" count="11"/>
        <line num="293" type="stmt" count="11"/>
        <line num="296" type="stmt" count="22"/>
        <line num="303" type="method" name="generateJwt" visibility="public" complexity="2" crap="6" count="0"/>
        <line num="305" type="stmt" count="0"/>
        <line num="306" type="stmt" count="0"/>
        <line num="308" type="stmt" count="0"/>
        <line num="318" type="method" name="get" visibility="public" complexity="1" crap="1" count="4"/>
        <line num="320" type="stmt" count="4"/>
        <line num="322" type="stmt" count="4"/>
        <line num="324" type="stmt" count="4"/>
        <line num="326" type="stmt" count="4"/>
        <line num="329" type="stmt" count="4"/>
        <line num="339" type="method" name="post" visibility="public" complexity="1" crap="1" count="4"/>
        <line num="341" type="stmt" count="4"/>
        <line num="343" type="stmt" count="4"/>
        <line num="344" type="stmt" count="4"/>
        <line num="345" type="stmt" count="4"/>
        <line num="348" type="stmt" count="4"/>
        <line num="349" type="stmt" count="4"/>
        <line num="359" type="method" name="postUrlEncoded" visibility="public" complexity="1" crap="2" count="0"/>
        <line num="361" type="stmt" count="0"/>
        <line num="363" type="stmt" count="0"/>
        <line num="364" type="stmt" count="0"/>
        <line num="365" type="stmt" count="0"/>
        <line num="368" type="stmt" count="0"/>
        <line num="369" type="stmt" count="0"/>
        <line num="379" type="method" name="put" visibility="public" complexity="1" crap="1" count="4"/>
        <line num="381" type="stmt" count="4"/>
        <line num="383" type="stmt" count="4"/>
        <line num="384" type="stmt" count="4"/>
        <line num="385" type="stmt" count="4"/>
        <line num="388" type="stmt" count="4"/>
        <line num="389" type="stmt" count="4"/>
        <line num="398" type="method" name="delete" visibility="public" complexity="1" crap="1" count="2"/>
        <line num="400" type="stmt" count="2"/>
        <line num="402" type="stmt" count="2"/>
        <line num="405" type="stmt" count="2"/>
        <line num="414" type="method" name="send" visibility="public" complexity="10" crap="10.05" count="24"/>
        <line num="416" type="stmt" count="24"/>
        <line num="417" type="stmt" count="1"/>
        <line num="418" type="stmt" count="0"/>
        <line num="420" type="stmt" count="1"/>
        <line num="422" type="stmt" count="23"/>
        <line num="423" type="stmt" count="0"/>
        <line num="424" type="stmt" count="23"/>
        <line num="425" type="stmt" count="2"/>
        <line num="426" type="stmt" count="21"/>
        <line num="427" type="stmt" count="21"/>
        <line num="433" type="stmt" count="24"/>
        <line num="434" type="stmt" count="1"/>
        <line num="435" type="stmt" count="1"/>
        <line num="437" type="stmt" count="1"/>
        <line num="438" type="stmt" count="1"/>
        <line num="439" type="stmt" count="1"/>
        <line num="447" type="stmt" count="24"/>
        <line num="450" type="stmt" count="24"/>
        <line num="453" type="stmt" count="24"/>
        <line num="456" type="stmt" count="24"/>
        <line num="457" type="stmt" count="1"/>
        <line num="458" type="stmt" count="1"/>
        <line num="462" type="stmt" count="24"/>
        <line num="464" type="stmt" count="24"/>
        <line num="465" type="stmt" count="24"/>
        <line num="468" type="method" name="validateAppOptions" visibility="protected" complexity="5" crap="5.05" count="9"/>
        <line num="470" type="stmt" count="9"/>
        <line num="471" type="stmt" count="9"/>
        <line num="472" type="stmt" count="9"/>
        <line num="473" type="stmt" count="0"/>
        <line num="476" type="stmt" count="9"/>
        <line num="477" type="stmt" count="9"/>
        <line num="478" type="stmt" count="8"/>
        <line num="482" type="stmt" count="1"/>
        <line num="484" type="method" name="serialize" visibility="public" complexity="2" crap="2.15" count="1"/>
        <line num="486" type="stmt" count="1"/>
        <line num="487" type="stmt" count="1"/>
        <line num="490" type="stmt" count="0"/>
        <line num="493" type="method" name="unserialize" visibility="public" complexity="3" crap="3.07" count="1"/>
        <line num="495" type="stmt" count="1"/>
        <line num="496" type="stmt" count="1"/>
        <line num="499" type="stmt" count="1"/>
        <line num="500" type="stmt" count="1"/>
        <line num="503" type="stmt" count="0"/>
        <line num="506" type="method" name="__call" visibility="public" complexity="3" crap="3.33" count="2"/>
        <line num="508" type="stmt" count="2"/>
        <line num="509" type="stmt" count="0"/>
        <line num="512" type="stmt" count="2"/>
        <line num="514" type="stmt" count="2"/>
        <line num="515" type="stmt" count="2"/>
        <line num="518" type="stmt" count="0"/>
        <line num="521" type="method" name="__get" visibility="public" complexity="2" crap="6" count="0"/>
        <line num="523" type="stmt" count="0"/>
        <line num="524" type="stmt" count="0"/>
        <line num="527" type="stmt" count="0"/>
        <line num="530" type="method" name="requiresBasicAuth" visibility="protected" complexity="3" crap="3" count="10"/>
        <line num="532" type="stmt" count="10"/>
        <line num="533" type="stmt" count="10"/>
        <line num="534" type="stmt" count="10"/>
        <line num="536" type="stmt" count="10"/>
        <line num="539" type="method" name="requiresAuthInUrlNotBody" visibility="protected" complexity="1" crap="1" count="10"/>
        <line num="541" type="stmt" count="10"/>
        <line num="542" type="stmt" count="10"/>
        <line num="544" type="stmt" count="10"/>
        <line num="547" type="method" name="needsKeypairAuthentication" visibility="protected" complexity="4" crap="4" count="1"/>
        <line num="549" type="stmt" count="1"/>
        <line num="550" type="stmt" count="1"/>
        <line num="551" type="stmt" count="1"/>
        <line num="552" type="stmt" count="1"/>
        <line num="553" type="stmt" count="1"/>
        <line num="555" type="stmt" count="1"/>
        <line num="558" type="method" name="getVersion" visibility="protected" complexity="1" crap="1" count="22"/>
        <line num="560" type="stmt" count="22"/>
        <metrics loc="562" ncloc="414" classes="1" methods="25" coveredmethods="12" conditionals="0" coveredconditionals="0" statements="193" coveredstatements="161" elements="218" coveredelements="173"/>
      </file>
      <file name="/Users/damon.williams/code/github/vonage-php-sdk-core/src/InvalidResponseException.php">
        <class name="Vonage\InvalidResponseException" namespace="Vonage">
          <metrics complexity="0" methods="0" coveredmethods="0" conditionals="0" coveredconditionals="0" statements="0" coveredstatements="0" elements="0" coveredelements="0"/>
        </class>
        <metrics loc="7" ncloc="7" classes="0" methods="0" coveredmethods="0" conditionals="0" coveredconditionals="0" statements="0" coveredstatements="0" elements="0" coveredelements="0"/>
      </file>
      <file name="/Users/damon.williams/code/github/vonage-php-sdk-core/src/Network.php">
        <class name="Vonage\Network" namespace="Vonage">
          <metrics complexity="18" methods="15" coveredmethods="8" conditionals="0" coveredconditionals="0" statements="36" coveredstatements="22" elements="51" coveredelements="30"/>
        </class>
        <line num="32" type="method" name="__construct" visibility="public" complexity="1" crap="1" count="8"/>
        <line num="34" type="stmt" count="8"/>
        <line num="35" type="stmt" count="8"/>
        <line num="36" type="stmt" count="8"/>
        <line num="38" type="method" name="getCode" visibility="public" complexity="1" crap="1" count="5"/>
        <line num="40" type="stmt" count="5"/>
        <line num="43" type="method" name="getName" visibility="public" complexity="1" crap="1" count="2"/>
        <line num="45" type="stmt" count="2"/>
        <line num="48" type="method" name="getOutboundSmsPrice" visibility="public" complexity="2" crap="2" count="4"/>
        <line num="50" type="stmt" count="4"/>
        <line num="51" type="stmt" count="1"/>
        <line num="53" type="stmt" count="3"/>
        <line num="56" type="method" name="getOutboundVoicePrice" visibility="public" complexity="2" crap="2.15" count="1"/>
        <line num="58" type="stmt" count="1"/>
        <line num="59" type="stmt" count="1"/>
        <line num="61" type="stmt" count="0"/>
        <line num="64" type="method" name="getPrefixPrice" visibility="public" complexity="1" crap="1" count="1"/>
        <line num="66" type="stmt" count="1"/>
        <line num="69" type="method" name="getCurrency" visibility="public" complexity="1" crap="1" count="1"/>
        <line num="71" type="stmt" count="1"/>
        <line num="74" type="method" name="jsonUnserialize" visibility="public" complexity="1" crap="2" count="0"/>
        <line num="76" type="stmt" count="0"/>
        <line num="77" type="stmt" count="0"/>
        <line num="78" type="stmt" count="0"/>
        <line num="81" type="stmt" count="0"/>
        <line num="82" type="stmt" count="0"/>
        <line num="84" type="method" name="jsonSerialize" visibility="public" complexity="1" crap="2" count="0"/>
        <line num="86" type="stmt" count="0"/>
        <line num="89" type="method" name="offsetExists" visibility="public" complexity="1" crap="2" count="0"/>
        <line num="91" type="stmt" count="0"/>
        <line num="92" type="stmt" count="0"/>
        <line num="93" type="stmt" count="0"/>
        <line num="95" type="stmt" count="0"/>
        <line num="98" type="method" name="offsetGet" visibility="public" complexity="1" crap="1" count="1"/>
        <line num="100" type="stmt" count="1"/>
        <line num="101" type="stmt" count="1"/>
        <line num="102" type="stmt" count="1"/>
        <line num="104" type="stmt" count="1"/>
        <line num="107" type="method" name="offsetSet" visibility="public" complexity="1" crap="2" count="0"/>
        <line num="109" type="stmt" count="0"/>
        <line num="112" type="method" name="offsetUnset" visibility="public" complexity="1" crap="2" count="0"/>
        <line num="114" type="stmt" count="0"/>
        <line num="117" type="method" name="fromArray" visibility="public" complexity="2" crap="2" count="6"/>
        <line num="120" type="stmt" count="6"/>
        <line num="121" type="stmt" count="6"/>
        <line num="122" type="stmt" count="6"/>
        <line num="123" type="stmt" count="6"/>
        <line num="125" type="stmt" count="6"/>
        <line num="126" type="stmt" count="6"/>
        <line num="128" type="method" name="toArray" visibility="public" complexity="1" crap="2" count="0"/>
        <line num="130" type="stmt" count="0"/>
        <metrics loc="132" ncloc="127" classes="1" methods="15" coveredmethods="8" conditionals="0" coveredconditionals="0" statements="36" coveredstatements="22" elements="51" coveredelements="30"/>
      </file>
      <file name="/Users/damon.williams/code/github/vonage-php-sdk-core/src/Response.php">
        <class name="Vonage\Response" namespace="Vonage">
          <metrics complexity="12" methods="9" coveredmethods="5" conditionals="0" coveredconditionals="0" statements="18" coveredstatements="14" elements="27" coveredelements="19"/>
        </class>
        <line num="25" type="method" name="__construct" visibility="public" complexity="2" crap="2.06" count="1"/>
        <line num="27" type="stmt" count="1"/>
        <line num="28" type="stmt" count="0"/>
        <line num="31" type="stmt" count="1"/>
        <line num="32" type="stmt" count="1"/>
        <line num="34" type="method" name="getMessages" visibility="public" complexity="2" crap="2.15" count="1"/>
        <line num="36" type="stmt" count="1"/>
        <line num="37" type="stmt" count="0"/>
        <line num="40" type="stmt" count="1"/>
        <line num="52" type="method" name="count" visibility="public" complexity="1" crap="1" count="1"/>
        <line num="54" type="stmt" count="1"/>
        <line num="63" type="method" name="current" visibility="public" complexity="2" crap="2" count="1"/>
        <line num="65" type="stmt" count="1"/>
        <line num="66" type="stmt" count="1"/>
        <line num="69" type="stmt" count="1"/>
        <line num="78" type="method" name="next" visibility="public" complexity="1" crap="1" count="1"/>
        <line num="80" type="stmt" count="1"/>
        <line num="81" type="stmt" count="1"/>
        <line num="89" type="method" name="key" visibility="public" complexity="1" crap="2" count="0"/>
        <line num="91" type="stmt" count="0"/>
        <line num="101" type="method" name="valid" visibility="public" complexity="1" crap="1" count="1"/>
        <line num="103" type="stmt" count="1"/>
        <line num="112" type="method" name="rewind" visibility="public" complexity="1" crap="1" count="1"/>
        <line num="114" type="stmt" count="1"/>
        <line num="115" type="stmt" count="1"/>
        <line num="117" type="method" name="toArray" visibility="public" complexity="1" crap="2" count="0"/>
        <line num="119" type="stmt" count="0"/>
        <metrics loc="121" ncloc="71" classes="1" methods="9" coveredmethods="5" conditionals="0" coveredconditionals="0" statements="18" coveredstatements="14" elements="27" coveredelements="19"/>
      </file>
    </package>
    <package name="Vonage\Application">
      <file name="/Users/damon.williams/code/github/vonage-php-sdk-core/src/Application/Application.php">
        <class name="Vonage\Application\Application" namespace="Vonage\Application">
          <metrics complexity="52" methods="20" coveredmethods="14" conditionals="0" coveredconditionals="0" statements="95" coveredstatements="82" elements="115" coveredelements="96"/>
        </class>
        <line num="35" type="method" name="__construct" visibility="public" complexity="1" crap="1" count="31"/>
        <line num="37" type="stmt" count="31"/>
        <line num="38" type="stmt" count="31"/>
        <line num="40" type="method" name="getId" visibility="public" complexity="1" crap="1" count="24"/>
        <line num="42" type="stmt" count="24"/>
        <line num="45" type="method" name="setVoiceConfig" visibility="public" complexity="1" crap="1" count="10"/>
        <line num="47" type="stmt" count="10"/>
        <line num="48" type="stmt" count="10"/>
        <line num="51" type="method" name="setMessagesConfig" visibility="public" complexity="1" crap="1" count="11"/>
        <line num="53" type="stmt" count="11"/>
        <line num="54" type="stmt" count="11"/>
        <line num="57" type="method" name="setRtcConfig" visibility="public" complexity="1" crap="1" count="9"/>
        <line num="59" type="stmt" count="9"/>
        <line num="60" type="stmt" count="9"/>
        <line num="63" type="method" name="setVbcConfig" visibility="public" complexity="1" crap="1" count="24"/>
        <line num="65" type="stmt" count="24"/>
        <line num="66" type="stmt" count="24"/>
        <line num="72" type="method" name="getVoiceConfig" visibility="public" complexity="5" crap="5.58" count="23"/>
        <line num="74" type="stmt" count="23"/>
        <line num="75" type="stmt" count="9"/>
        <line num="76" type="stmt" count="9"/>
        <line num="77" type="stmt" count="9"/>
        <line num="78" type="stmt" count="0"/>
        <line num="79" type="stmt" count="0"/>
        <line num="84" type="stmt" count="23"/>
        <line num="90" type="method" name="getMessagesConfig" visibility="public" complexity="5" crap="5.58" count="21"/>
        <line num="92" type="stmt" count="21"/>
        <line num="93" type="stmt" count="11"/>
        <line num="94" type="stmt" count="11"/>
        <line num="95" type="stmt" count="11"/>
        <line num="96" type="stmt" count="0"/>
        <line num="97" type="stmt" count="0"/>
        <line num="102" type="stmt" count="21"/>
        <line num="108" type="method" name="getRtcConfig" visibility="public" complexity="5" crap="5.58" count="21"/>
        <line num="110" type="stmt" count="21"/>
        <line num="111" type="stmt" count="9"/>
        <line num="112" type="stmt" count="9"/>
        <line num="113" type="stmt" count="9"/>
        <line num="114" type="stmt" count="0"/>
        <line num="115" type="stmt" count="0"/>
        <line num="120" type="stmt" count="21"/>
        <line num="126" type="method" name="getVbcConfig" visibility="public" complexity="2" crap="2" count="24"/>
        <line num="128" type="stmt" count="24"/>
        <line num="129" type="stmt" count="24"/>
        <line num="132" type="stmt" count="24"/>
        <line num="135" type="method" name="setPublicKey" visibility="public" complexity="1" crap="1" count="12"/>
        <line num="137" type="stmt" count="12"/>
        <line num="138" type="stmt" count="12"/>
        <line num="141" type="method" name="getPublicKey" visibility="public" complexity="2" crap="2" count="16"/>
        <line num="143" type="stmt" count="16"/>
        <line num="144" type="stmt" count="7"/>
        <line num="146" type="stmt" count="9"/>
        <line num="148" type="method" name="getPrivateKey" visibility="public" complexity="2" crap="2.15" count="1"/>
        <line num="150" type="stmt" count="1"/>
        <line num="151" type="stmt" count="1"/>
        <line num="153" type="stmt" count="0"/>
        <line num="155" type="method" name="setName" visibility="public" complexity="1" crap="1" count="22"/>
        <line num="157" type="stmt" count="22"/>
        <line num="158" type="stmt" count="22"/>
        <line num="161" type="method" name="getName" visibility="public" complexity="1" crap="1" count="19"/>
        <line num="163" type="stmt" count="19"/>
        <line num="166" type="method" name="jsonUnserialize" visibility="public" complexity="1" crap="2" count="0"/>
        <line num="168" type="stmt" count="0"/>
        <line num="169" type="stmt" count="0"/>
        <line num="170" type="stmt" count="0"/>
        <line num="173" type="stmt" count="0"/>
        <line num="174" type="stmt" count="0"/>
        <line num="176" type="method" name="jsonSerialize" visibility="public" complexity="1" crap="1" count="2"/>
        <line num="178" type="stmt" count="2"/>
        <line num="181" type="method" name="__toString" visibility="public" complexity="1" crap="2" count="0"/>
        <line num="183" type="stmt" count="0"/>
        <line num="186" type="method" name="fromArray" visibility="public" complexity="12" crap="12" count="21"/>
        <line num="188" type="stmt" count="21"/>
        <line num="189" type="stmt" count="21"/>
        <line num="190" type="stmt" count="21"/>
        <line num="192" type="stmt" count="21"/>
        <line num="193" type="stmt" count="21"/>
        <line num="196" type="stmt" count="21"/>
        <line num="197" type="stmt" count="21"/>
        <line num="198" type="stmt" count="21"/>
        <line num="199" type="stmt" count="21"/>
        <line num="204" type="stmt" count="21"/>
        <line num="205" type="stmt" count="21"/>
        <line num="206" type="stmt" count="21"/>
        <line num="207" type="stmt" count="21"/>
        <line num="212" type="stmt" count="21"/>
        <line num="213" type="stmt" count="21"/>
        <line num="214" type="stmt" count="21"/>
        <line num="215" type="stmt" count="21"/>
        <line num="219" type="stmt" count="21"/>
        <line num="220" type="stmt" count="18"/>
        <line num="223" type="stmt" count="21"/>
        <line num="225" type="method" name="toArray" visibility="public" complexity="7" crap="7" count="15"/>
        <line num="229" type="stmt" count="15"/>
        <line num="230" type="stmt" count="15"/>
        <line num="231" type="stmt" count="15"/>
        <line num="234" type="stmt" count="15"/>
        <line num="235" type="stmt" count="15"/>
        <line num="236" type="stmt" count="15"/>
        <line num="237" type="stmt" count="15"/>
        <line num="238" type="stmt" count="15"/>
        <line num="239" type="stmt" count="15"/>
        <line num="240" type="stmt" count="10"/>
        <line num="241" type="stmt" count="10"/>
        <line num="243" type="stmt" count="10"/>
        <line num="244" type="stmt" count="10"/>
        <line num="245" type="stmt" count="10"/>
        <line num="252" type="stmt" count="15"/>
        <line num="253" type="stmt" count="6"/>
        <line num="258" type="stmt" count="15"/>
        <line num="259" type="stmt" count="5"/>
        <line num="263" type="stmt" count="15"/>
        <line num="264" type="stmt" count="15"/>
        <line num="266" type="stmt" count="15"/>
        <line num="268" type="stmt" count="15"/>
        <metrics loc="271" ncloc="239" classes="1" methods="20" coveredmethods="14" conditionals="0" coveredconditionals="0" statements="95" coveredstatements="82" elements="115" coveredelements="96"/>
      </file>
      <file name="/Users/damon.williams/code/github/vonage-php-sdk-core/src/Application/Client.php">
        <class name="Vonage\Application\Client" namespace="Vonage\Application">
          <metrics complexity="19" methods="12" coveredmethods="8" conditionals="0" coveredconditionals="0" statements="69" coveredstatements="57" elements="81" coveredelements="65"/>
        </class>
        <line num="36" type="method" name="__construct" visibility="public" complexity="2" crap="2" count="26"/>
        <line num="38" type="stmt" count="26"/>
        <line num="39" type="stmt" count="26"/>
        <line num="43" type="stmt" count="26"/>
        <line num="44" type="stmt" count="26"/>
        <line num="46" type="stmt" count="26"/>
        <line num="52" type="method" name="getApiResource" visibility="public" complexity="2" crap="2" count="26"/>
        <line num="54" type="stmt" count="26"/>
        <line num="55" type="stmt" count="26"/>
        <line num="56" type="stmt" count="26"/>
        <line num="57" type="stmt" count="26"/>
        <line num="58" type="stmt" count="26"/>
        <line num="60" type="stmt" count="26"/>
        <line num="62" type="stmt" count="26"/>
        <line num="68" type="method" name="getCollectionName" visibility="public" complexity="1" crap="2" count="0"/>
        <line num="70" type="stmt" count="0"/>
        <line num="76" type="method" name="getCollectionPath" visibility="public" complexity="1" crap="2" count="0"/>
        <line num="78" type="stmt" count="0"/>
        <line num="84" type="method" name="get" visibility="public" complexity="2" crap="2" count="2"/>
        <line num="86" type="stmt" count="2"/>
        <line num="87" type="stmt" count="1"/>
        <line num="88" type="stmt" count="1"/>
        <line num="89" type="stmt" count="1"/>
        <line num="91" type="stmt" count="1"/>
        <line num="94" type="stmt" count="2"/>
        <line num="95" type="stmt" count="2"/>
        <line num="96" type="stmt" count="2"/>
        <line num="98" type="stmt" count="2"/>
        <line num="101" type="method" name="getAll" visibility="public" complexity="1" crap="2" count="0"/>
        <line num="103" type="stmt" count="0"/>
        <line num="104" type="stmt" count="0"/>
        <line num="106" type="stmt" count="0"/>
        <line num="107" type="stmt" count="0"/>
        <line num="109" type="stmt" count="0"/>
        <line num="110" type="stmt" count="0"/>
        <line num="118" type="method" name="create" visibility="public" complexity="2" crap="2" count="8"/>
        <line num="120" type="stmt" count="8"/>
        <line num="121" type="stmt" count="4"/>
        <line num="122" type="stmt" count="4"/>
        <line num="123" type="stmt" count="4"/>
        <line num="125" type="stmt" count="4"/>
        <line num="129" type="stmt" count="8"/>
        <line num="130" type="stmt" count="8"/>
        <line num="132" type="stmt" count="8"/>
        <line num="133" type="stmt" count="6"/>
        <line num="134" type="stmt" count="6"/>
        <line num="140" type="method" name="post" visibility="public" complexity="1" crap="1" count="3"/>
        <line num="142" type="stmt" count="3"/>
        <line num="143" type="stmt" count="3"/>
        <line num="144" type="stmt" count="3"/>
        <line num="146" type="stmt" count="3"/>
        <line num="154" type="method" name="update" visibility="public" complexity="3" crap="3" count="5"/>
        <line num="156" type="stmt" count="5"/>
        <line num="157" type="stmt" count="1"/>
        <line num="158" type="stmt" count="1"/>
        <line num="159" type="stmt" count="1"/>
        <line num="161" type="stmt" count="1"/>
        <line num="164" type="stmt" count="5"/>
        <line num="165" type="stmt" count="3"/>
        <line num="167" type="stmt" count="2"/>
        <line num="168" type="stmt" count="2"/>
        <line num="169" type="stmt" count="2"/>
        <line num="173" type="stmt" count="5"/>
        <line num="174" type="stmt" count="3"/>
        <line num="176" type="stmt" count="3"/>
        <line num="182" type="method" name="put" visibility="public" complexity="1" crap="2" count="0"/>
        <line num="184" type="stmt" count="0"/>
        <line num="185" type="stmt" count="0"/>
        <line num="186" type="stmt" count="0"/>
        <line num="188" type="stmt" count="0"/>
        <line num="196" type="method" name="delete" visibility="public" complexity="2" crap="2" count="4"/>
        <line num="198" type="stmt" count="4"/>
        <line num="199" type="stmt" count="3"/>
        <line num="200" type="stmt" count="3"/>
        <line num="201" type="stmt" count="3"/>
        <line num="203" type="stmt" count="3"/>
        <line num="205" type="stmt" count="1"/>
        <line num="208" type="stmt" count="4"/>
        <line num="210" type="stmt" count="2"/>
        <line num="216" type="method" name="fromArray" visibility="protected" complexity="1" crap="1" count="5"/>
        <line num="218" type="stmt" count="5"/>
        <metrics loc="220" ncloc="165" classes="1" methods="12" coveredmethods="8" conditionals="0" coveredconditionals="0" statements="69" coveredstatements="57" elements="81" coveredelements="65"/>
      </file>
      <file name="/Users/damon.williams/code/github/vonage-php-sdk-core/src/Application/ClientFactory.php">
        <class name="Vonage\Application\ClientFactory" namespace="Vonage\Application">
          <metrics complexity="1" methods="1" coveredmethods="0" conditionals="0" coveredconditionals="0" statements="8" coveredstatements="0" elements="9" coveredelements="0"/>
        </class>
        <line num="14" type="method" name="__invoke" visibility="public" complexity="1" crap="2" count="0"/>
        <line num="15" type="stmt" count="0"/>
        <line num="17" type="stmt" count="0"/>
        <line num="18" type="stmt" count="0"/>
        <line num="19" type="stmt" count="0"/>
        <line num="20" type="stmt" count="0"/>
        <line num="21" type="stmt" count="0"/>
        <line num="23" type="stmt" count="0"/>
        <line num="24" type="stmt" count="0"/>
        <metrics loc="25" ncloc="21" classes="1" methods="1" coveredmethods="0" conditionals="0" coveredconditionals="0" statements="8" coveredstatements="0" elements="9" coveredelements="0"/>
      </file>
      <file name="/Users/damon.williams/code/github/vonage-php-sdk-core/src/Application/Filter.php">
        <class name="Vonage\Application\Filter" namespace="Vonage\Application">
          <metrics complexity="0" methods="0" coveredmethods="0" conditionals="0" coveredconditionals="0" statements="0" coveredstatements="0" elements="0" coveredelements="0"/>
        </class>
        <metrics loc="19" ncloc="9" classes="0" methods="0" coveredmethods="0" conditionals="0" coveredconditionals="0" statements="0" coveredstatements="0" elements="0" coveredelements="0"/>
      </file>
      <file name="/Users/damon.williams/code/github/vonage-php-sdk-core/src/Application/Hydrator.php">
        <class name="Vonage\Application\Hydrator" namespace="Vonage\Application">
          <metrics complexity="31" methods="4" coveredmethods="2" conditionals="0" coveredconditionals="0" statements="58" coveredstatements="56" elements="62" coveredelements="58"/>
        </class>
        <line num="9" type="method" name="hydrate" visibility="public" complexity="1" crap="1" count="12"/>
        <line num="11" type="stmt" count="12"/>
        <line num="12" type="stmt" count="12"/>
        <line num="15" type="method" name="hydrateObject" visibility="public" complexity="3" crap="3" count="12"/>
        <line num="17" type="stmt" count="12"/>
        <line num="18" type="stmt" count="3"/>
        <line num="21" type="stmt" count="12"/>
        <line num="24" type="method" name="createFromArrayV1" visibility="protected" complexity="15" crap="15" count="3"/>
        <line num="26" type="stmt" count="3"/>
        <line num="27" type="stmt" count="3"/>
        <line num="28" type="stmt" count="0"/>
        <line num="32" type="stmt" count="3"/>
        <line num="35" type="stmt" count="3"/>
        <line num="36" type="stmt" count="2"/>
        <line num="40" type="stmt" count="3"/>
        <line num="41" type="stmt" count="3"/>
        <line num="42" type="stmt" count="3"/>
        <line num="43" type="stmt" count="3"/>
        <line num="48" type="stmt" count="3"/>
        <line num="49" type="stmt" count="3"/>
        <line num="50" type="stmt" count="2"/>
        <line num="51" type="stmt" count="2"/>
        <line num="56" type="stmt" count="3"/>
        <line num="57" type="stmt" count="3"/>
        <line num="58" type="stmt" count="3"/>
        <line num="59" type="stmt" count="3"/>
        <line num="64" type="stmt" count="3"/>
        <line num="65" type="stmt" count="2"/>
        <line num="68" type="stmt" count="3"/>
        <line num="71" type="method" name="createFromArrayV2" visibility="protected" complexity="12" crap="12" count="12"/>
        <line num="73" type="stmt" count="12"/>
        <line num="74" type="stmt" count="12"/>
        <line num="75" type="stmt" count="0"/>
        <line num="79" type="stmt" count="12"/>
        <line num="80" type="stmt" count="12"/>
        <line num="81" type="stmt" count="12"/>
        <line num="84" type="stmt" count="12"/>
        <line num="85" type="stmt" count="12"/>
        <line num="89" type="stmt" count="12"/>
        <line num="90" type="stmt" count="1"/>
        <line num="93" type="stmt" count="12"/>
        <line num="96" type="stmt" count="12"/>
        <line num="97" type="stmt" count="12"/>
        <line num="99" type="stmt" count="12"/>
        <line num="100" type="stmt" count="12"/>
        <line num="101" type="stmt" count="12"/>
        <line num="102" type="stmt" count="12"/>
        <line num="108" type="stmt" count="12"/>
        <line num="109" type="stmt" count="12"/>
        <line num="111" type="stmt" count="12"/>
        <line num="112" type="stmt" count="12"/>
        <line num="113" type="stmt" count="12"/>
        <line num="114" type="stmt" count="12"/>
        <line num="120" type="stmt" count="12"/>
        <line num="121" type="stmt" count="12"/>
        <line num="123" type="stmt" count="12"/>
        <line num="124" type="stmt" count="12"/>
        <line num="125" type="stmt" count="12"/>
        <line num="126" type="stmt" count="12"/>
        <line num="132" type="stmt" count="12"/>
        <line num="133" type="stmt" count="9"/>
        <line num="136" type="stmt" count="12"/>
        <metrics loc="138" ncloc="116" classes="1" methods="4" coveredmethods="2" conditionals="0" coveredconditionals="0" statements="58" coveredstatements="56" elements="62" coveredelements="58"/>
      </file>
      <file name="/Users/damon.williams/code/github/vonage-php-sdk-core/src/Application/MessagesConfig.php">
        <class name="Vonage\Application\MessagesConfig" namespace="Vonage\Application">
          <metrics complexity="4" methods="2" coveredmethods="1" conditionals="0" coveredconditionals="0" statements="10" coveredstatements="6" elements="12" coveredelements="7"/>
        </class>
        <line num="18" type="method" name="setWebhook" visibility="public" complexity="2" crap="2.75" count="21"/>
        <line num="20" type="stmt" count="21"/>
        <line num="21" type="stmt" count="0"/>
        <line num="22" type="stmt" count="0"/>
        <line num="23" type="stmt" count="0"/>
        <line num="25" type="stmt" count="0"/>
        <line num="28" type="stmt" count="21"/>
        <line num="29" type="stmt" count="21"/>
        <line num="32" type="method" name="getWebhook" visibility="public" complexity="2" crap="2" count="18"/>
        <line num="34" type="stmt" count="18"/>
        <line num="35" type="stmt" count="12"/>
        <line num="37" type="stmt" count="9"/>
        <metrics loc="38" ncloc="32" classes="1" methods="2" coveredmethods="1" conditionals="0" coveredconditionals="0" statements="10" coveredstatements="6" elements="12" coveredelements="7"/>
      </file>
      <file name="/Users/damon.williams/code/github/vonage-php-sdk-core/src/Application/RtcConfig.php">
        <class name="Vonage\Application\RtcConfig" namespace="Vonage\Application">
          <metrics complexity="4" methods="2" coveredmethods="1" conditionals="0" coveredconditionals="0" statements="10" coveredstatements="6" elements="12" coveredelements="7"/>
        </class>
        <line num="17" type="method" name="setWebhook" visibility="public" complexity="2" crap="2.75" count="21"/>
        <line num="19" type="stmt" count="21"/>
        <line num="20" type="stmt" count="0"/>
        <line num="21" type="stmt" count="0"/>
        <line num="22" type="stmt" count="0"/>
        <line num="24" type="stmt" count="0"/>
        <line num="27" type="stmt" count="21"/>
        <line num="28" type="stmt" count="21"/>
        <line num="31" type="method" name="getWebhook" visibility="public" complexity="2" crap="2" count="18"/>
        <line num="33" type="stmt" count="18"/>
        <line num="34" type="stmt" count="12"/>
        <line num="36" type="stmt" count="6"/>
        <metrics loc="37" ncloc="31" classes="1" methods="2" coveredmethods="1" conditionals="0" coveredconditionals="0" statements="10" coveredstatements="6" elements="12" coveredelements="7"/>
      </file>
      <file name="/Users/damon.williams/code/github/vonage-php-sdk-core/src/Application/VbcConfig.php">
        <class name="Vonage\Application\VbcConfig" namespace="Vonage\Application">
          <metrics complexity="3" methods="3" coveredmethods="2" conditionals="0" coveredconditionals="0" statements="5" coveredstatements="3" elements="8" coveredelements="5"/>
        </class>
        <line num="15" type="method" name="enable" visibility="public" complexity="1" crap="1" count="18"/>
        <line num="17" type="stmt" count="18"/>
        <line num="18" type="stmt" count="18"/>
        <line num="20" type="method" name="disable" visibility="public" complexity="1" crap="2" count="0"/>
        <line num="22" type="stmt" count="0"/>
        <line num="23" type="stmt" count="0"/>
        <line num="25" type="method" name="isEnabled" visibility="public" complexity="1" crap="1" count="16"/>
        <line num="27" type="stmt" count="16"/>
        <metrics loc="29" ncloc="23" classes="1" methods="3" coveredmethods="2" conditionals="0" coveredconditionals="0" statements="5" coveredstatements="3" elements="8" coveredelements="5"/>
      </file>
      <file name="/Users/damon.williams/code/github/vonage-php-sdk-core/src/Application/VoiceConfig.php">
        <class name="Vonage\Application\VoiceConfig" namespace="Vonage\Application">
          <metrics complexity="4" methods="2" coveredmethods="2" conditionals="0" coveredconditionals="0" statements="10" coveredstatements="10" elements="12" coveredelements="12"/>
        </class>
        <line num="18" type="method" name="setWebhook" visibility="public" complexity="2" crap="2" count="22"/>
        <line num="20" type="stmt" count="22"/>
        <line num="21" type="stmt" count="2"/>
        <line num="22" type="stmt" count="2"/>
        <line num="23" type="stmt" count="2"/>
        <line num="25" type="stmt" count="2"/>
        <line num="28" type="stmt" count="22"/>
        <line num="29" type="stmt" count="22"/>
        <line num="32" type="method" name="getWebhook" visibility="public" complexity="2" crap="2" count="20"/>
        <line num="34" type="stmt" count="20"/>
        <line num="35" type="stmt" count="15"/>
        <line num="37" type="stmt" count="5"/>
        <metrics loc="38" ncloc="32" classes="1" methods="2" coveredmethods="2" conditionals="0" coveredconditionals="0" statements="10" coveredstatements="10" elements="12" coveredelements="12"/>
      </file>
      <file name="/Users/damon.williams/code/github/vonage-php-sdk-core/src/Application/Webhook.php">
        <class name="Vonage\Application\Webhook" namespace="Vonage\Application">
          <metrics complexity="4" methods="4" coveredmethods="4" conditionals="0" coveredconditionals="0" statements="6" coveredstatements="6" elements="10" coveredelements="10"/>
        </class>
        <line num="26" type="method" name="__construct" visibility="public" complexity="1" crap="1" count="22"/>
        <line num="28" type="stmt" count="22"/>
        <line num="29" type="stmt" count="22"/>
        <line num="30" type="stmt" count="22"/>
        <line num="32" type="method" name="getMethod" visibility="public" complexity="1" crap="1" count="15"/>
        <line num="34" type="stmt" count="15"/>
        <line num="37" type="method" name="getUrl" visibility="public" complexity="1" crap="1" count="17"/>
        <line num="39" type="stmt" count="17"/>
        <line num="42" type="method" name="__toString" visibility="public" complexity="1" crap="1" count="5"/>
        <line num="44" type="stmt" count="5"/>
        <metrics loc="46" ncloc="34" classes="1" methods="4" coveredmethods="4" conditionals="0" coveredconditionals="0" statements="6" coveredstatements="6" elements="10" coveredelements="10"/>
      </file>
    </package>
    <file name="/Users/damon.williams/code/github/vonage-php-sdk-core/src/Application/ApplicationInterface.php">
      <metrics loc="16" ncloc="10" classes="0" methods="0" coveredmethods="0" conditionals="0" coveredconditionals="0" statements="0" coveredstatements="0" elements="0" coveredelements="0"/>
    </file>
    <package name="Vonage\Call">
      <file name="/Users/damon.williams/code/github/vonage-php-sdk-core/src/Call/Call.php">
        <class name="Vonage\Call\Call" namespace="Vonage\Call">
          <metrics complexity="50" methods="22" coveredmethods="12" conditionals="0" coveredconditionals="0" statements="104" coveredstatements="86" elements="126" coveredelements="98"/>
        </class>
        <line num="66" type="method" name="__construct" visibility="public" complexity="1" crap="1" count="25"/>
        <line num="68" type="stmt" count="25"/>
        <line num="69" type="stmt" count="25"/>
        <line num="70" type="stmt" count="25"/>
        <line num="73" type="stmt" count="25"/>
        <line num="74" type="stmt" count="25"/>
        <line num="76" type="method" name="get" visibility="public" complexity="2" crap="2.01" count="6"/>
        <line num="78" type="stmt" count="6"/>
        <line num="79" type="stmt" count="6"/>
        <line num="80" type="stmt" count="6"/>
        <line num="83" type="stmt" count="6"/>
        <line num="85" type="stmt" count="6"/>
        <line num="86" type="stmt" count="0"/>
        <line num="89" type="stmt" count="6"/>
        <line num="90" type="stmt" count="6"/>
        <line num="92" type="stmt" count="6"/>
        <line num="95" type="method" name="getException" visibility="protected" complexity="5" crap="30" count="0"/>
        <line num="97" type="stmt" count="0"/>
        <line num="98" type="stmt" count="0"/>
        <line num="100" type="stmt" count="0"/>
        <line num="101" type="stmt" count="0"/>
        <line num="102" type="stmt" count="0"/>
        <line num="103" type="stmt" count="0"/>
        <line num="105" type="stmt" count="0"/>
        <line num="108" type="stmt" count="0"/>
        <line num="111" type="method" name="put" visibility="public" complexity="3" crap="3.01" count="7"/>
        <line num="113" type="stmt" count="7"/>
        <line num="114" type="stmt" count="7"/>
        <line num="115" type="stmt" count="7"/>
        <line num="116" type="stmt" count="7"/>
        <line num="117" type="stmt" count="7"/>
        <line num="120" type="stmt" count="7"/>
        <line num="121" type="stmt" count="7"/>
        <line num="123" type="stmt" count="7"/>
        <line num="124" type="stmt" count="7"/>
        <line num="125" type="stmt" count="0"/>
        <line num="128" type="stmt" count="7"/>
        <line num="131" type="method" name="getId" visibility="public" complexity="1" crap="1" count="24"/>
        <line num="133" type="stmt" count="24"/>
        <line num="136" type="method" name="setTo" visibility="public" complexity="2" crap="2" count="1"/>
        <line num="138" type="stmt" count="1"/>
        <line num="139" type="stmt" count="1"/>
        <line num="142" type="stmt" count="1"/>
        <line num="143" type="stmt" count="1"/>
        <line num="149" type="method" name="getTo" visibility="public" complexity="2" crap="2" count="4"/>
        <line num="151" type="stmt" count="4"/>
        <line num="152" type="stmt" count="3"/>
        <line num="155" type="stmt" count="1"/>
        <line num="158" type="method" name="setFrom" visibility="public" complexity="2" crap="2" count="1"/>
        <line num="160" type="stmt" count="1"/>
        <line num="161" type="stmt" count="1"/>
        <line num="164" type="stmt" count="1"/>
        <line num="165" type="stmt" count="1"/>
        <line num="171" type="method" name="getFrom" visibility="public" complexity="2" crap="2" count="4"/>
        <line num="173" type="stmt" count="4"/>
        <line num="174" type="stmt" count="3"/>
        <line num="177" type="stmt" count="1"/>
        <line num="180" type="method" name="setWebhook" visibility="public" complexity="3" crap="3.03" count="1"/>
        <line num="182" type="stmt" count="1"/>
        <line num="183" type="stmt" count="1"/>
        <line num="184" type="stmt" count="1"/>
        <line num="187" type="stmt" count="1"/>
        <line num="188" type="stmt" count="0"/>
        <line num="191" type="stmt" count="1"/>
        <line num="192" type="stmt" count="1"/>
        <line num="195" type="method" name="setTimer" visibility="public" complexity="1" crap="1" count="1"/>
        <line num="197" type="stmt" count="1"/>
[...]
        <line num="50" type="stmt" count="3"/>
        <metrics loc="52" ncloc="42" classes="1" methods="4" coveredmethods="4" conditionals="0" coveredconditionals="0" statements="12" coveredstatements="12" elements="16" coveredelements="16"/>
      </file>
      <file name="/Users/damon.williams/code/github/vonage-php-sdk-core/src/Voice/NCCO/NCCOFactory.php">
        <class name="Vonage\Voice\NCCO\NCCOFactory" namespace="Vonage\Voice\NCCO">
          <metrics complexity="8" methods="1" coveredmethods="1" conditionals="0" coveredconditionals="0" statements="18" coveredstatements="18" elements="19" coveredelements="19"/>
        </class>
        <line num="18" type="method" name="build" visibility="public" complexity="8" crap="8" count="2"/>
        <line num="20" type="stmt" count="2"/>
        <line num="21" type="stmt" count="2"/>
        <line num="22" type="stmt" count="1"/>
        <line num="23" type="stmt" count="1"/>
        <line num="25" type="stmt" count="1"/>
        <line num="26" type="stmt" count="2"/>
        <line num="27" type="stmt" count="1"/>
        <line num="28" type="stmt" count="2"/>
        <line num="29" type="stmt" count="1"/>
        <line num="30" type="stmt" count="2"/>
        <line num="31" type="stmt" count="1"/>
        <line num="32" type="stmt" count="2"/>
        <line num="33" type="stmt" count="1"/>
        <line num="34" type="stmt" count="2"/>
        <line num="35" type="stmt" count="1"/>
        <line num="36" type="stmt" count="2"/>
        <line num="37" type="stmt" count="1"/>
        <line num="39" type="stmt" count="1"/>
        <metrics loc="42" ncloc="42" classes="1" methods="1" coveredmethods="1" conditionals="0" coveredconditionals="0" statements="18" coveredstatements="18" elements="19" coveredelements="19"/>
      </file>
    </package>
    <package name="Vonage\Voice\Webhook">
      <file name="/Users/damon.williams/code/github/vonage-php-sdk-core/src/Voice/Webhook/Answer.php">
        <class name="Vonage\Voice\Webhook\Answer" namespace="Vonage\Voice\Webhook">
          <metrics complexity="5" methods="5" coveredmethods="5" conditionals="0" coveredconditionals="0" statements="9" coveredstatements="9" elements="14" coveredelements="14"/>
        </class>
        <line num="28" type="method" name="__construct" visibility="public" complexity="1" crap="1" count="1"/>
        <line num="30" type="stmt" count="1"/>
        <line num="31" type="stmt" count="1"/>
        <line num="32" type="stmt" count="1"/>
        <line num="33" type="stmt" count="1"/>
        <line num="34" type="stmt" count="1"/>
        <line num="36" type="method" name="getConversationUuid" visibility="public" complexity="1" crap="1" count="1"/>
        <line num="38" type="stmt" count="1"/>
        <line num="41" type="method" name="getFrom" visibility="public" complexity="1" crap="1" count="1"/>
        <line num="43" type="stmt" count="1"/>
        <line num="46" type="method" name="getTo" visibility="public" complexity="1" crap="1" count="1"/>
        <line num="48" type="stmt" count="1"/>
        <line num="51" type="method" name="getUuid" visibility="public" complexity="1" crap="1" count="1"/>
        <line num="53" type="stmt" count="1"/>
        <metrics loc="55" ncloc="43" classes="1" methods="5" coveredmethods="5" conditionals="0" coveredconditionals="0" statements="9" coveredstatements="9" elements="14" coveredelements="14"/>
      </file>
      <file name="/Users/damon.williams/code/github/vonage-php-sdk-core/src/Voice/Webhook/Error.php">
        <class name="Vonage\Voice\Webhook\Error" namespace="Vonage\Voice\Webhook">
          <metrics complexity="4" methods="4" coveredmethods="4" conditionals="0" coveredconditionals="0" statements="7" coveredstatements="7" elements="11" coveredelements="11"/>
        </class>
        <line num="23" type="method" name="__construct" visibility="public" complexity="1" crap="1" count="1"/>
        <line num="25" type="stmt" count="1"/>
        <line num="26" type="stmt" count="1"/>
        <line num="27" type="stmt" count="1"/>
        <line num="28" type="stmt" count="1"/>
        <line num="30" type="method" name="getConversationUuid" visibility="public" complexity="1" crap="1" count="1"/>
        <line num="32" type="stmt" count="1"/>
        <line num="35" type="method" name="getReason" visibility="public" complexity="1" crap="1" count="1"/>
        <line num="37" type="stmt" count="1"/>
        <line num="40" type="method" name="getTimestamp" visibility="public" complexity="1" crap="1" count="1"/>
        <line num="42" type="stmt" count="1"/>
        <metrics loc="44" ncloc="35" classes="1" methods="4" coveredmethods="4" conditionals="0" coveredconditionals="0" statements="7" coveredstatements="7" elements="11" coveredelements="11"/>
      </file>
      <file name="/Users/damon.williams/code/github/vonage-php-sdk-core/src/Voice/Webhook/Event.php">
        <class name="Vonage\Voice\Webhook\Event" namespace="Vonage\Voice\Webhook">
          <metrics complexity="23" methods="14" coveredmethods="14" conditionals="0" coveredconditionals="0" statements="29" coveredstatements="29" elements="43" coveredelements="43"/>
        </class>
        <line num="87" type="method" name="__construct" visibility="public" complexity="4" crap="4" count="6"/>
        <line num="89" type="stmt" count="6"/>
        <line num="90" type="stmt" count="6"/>
        <line num="91" type="stmt" count="6"/>
        <line num="92" type="stmt" count="6"/>
        <line num="93" type="stmt" count="6"/>
        <line num="94" type="stmt" count="6"/>
        <line num="95" type="stmt" count="6"/>
        <line num="96" type="stmt" count="6"/>
        <line num="97" type="stmt" count="6"/>
        <line num="98" type="stmt" count="6"/>
        <line num="99" type="stmt" count="6"/>
        <line num="101" type="stmt" count="6"/>
        <line num="102" type="stmt" count="1"/>
        <line num="105" type="stmt" count="6"/>
        <line num="106" type="stmt" count="1"/>
        <line num="108" type="stmt" count="6"/>
        <line num="110" type="method" name="getConversationUuid" visibility="public" complexity="1" crap="1" count="6"/>
        <line num="112" type="stmt" count="6"/>
        <line num="115" type="method" name="getDirection" visibility="public" complexity="1" crap="1" count="6"/>
        <line num="117" type="stmt" count="6"/>
        <line num="120" type="method" name="getFrom" visibility="public" complexity="1" crap="1" count="4"/>
        <line num="122" type="stmt" count="4"/>
        <line num="125" type="method" name="getStatus" visibility="public" complexity="1" crap="1" count="6"/>
        <line num="127" type="stmt" count="6"/>
        <line num="130" type="method" name="getTimestamp" visibility="public" complexity="1" crap="1" count="4"/>
        <line num="132" type="stmt" count="4"/>
        <line num="135" type="method" name="getTo" visibility="public" complexity="1" crap="1" count="4"/>
        <line num="137" type="stmt" count="4"/>
        <line num="140" type="method" name="getUuid" visibility="public" complexity="1" crap="1" count="6"/>
        <line num="142" type="stmt" count="6"/>
        <line num="145" type="method" name="getNetwork" visibility="public" complexity="2" crap="2" count="1"/>
        <line num="147" type="stmt" count="1"/>
        <line num="150" type="method" name="getRate" visibility="public" complexity="2" crap="2" count="2"/>
        <line num="152" type="stmt" count="2"/>
        <line num="155" type="method" name="getStartTime" visibility="public" complexity="2" crap="2" count="2"/>
        <line num="157" type="stmt" count="2"/>
        <line num="160" type="method" name="getEndTime" visibility="public" complexity="2" crap="2" count="1"/>
        <line num="162" type="stmt" count="1"/>
        <line num="165" type="method" name="getDuration" visibility="public" complexity="2" crap="2" count="3"/>
        <line num="167" type="stmt" count="3"/>
        <line num="170" type="method" name="getPrice" visibility="public" complexity="2" crap="2" count="3"/>
        <line num="172" type="stmt" count="3"/>
        <metrics loc="174" ncloc="135" classes="1" methods="14" coveredmethods="14" conditionals="0" coveredconditionals="0" statements="29" coveredstatements="29" elements="43" coveredelements="43"/>
      </file>
      <file name="/Users/damon.williams/code/github/vonage-php-sdk-core/src/Voice/Webhook/Factory.php">
        <class name="Vonage\Voice\Webhook\Factory" namespace="Vonage\Voice\Webhook">
          <metrics complexity="11" methods="1" coveredmethods="1" conditionals="0" coveredconditionals="0" statements="17" coveredstatements="17" elements="18" coveredelements="18"/>
        </class>
        <line num="10" type="method" name="createFromArray" visibility="public" complexity="11" crap="11" count="13"/>
        <line num="12" type="stmt" count="13"/>
        <line num="13" type="stmt" count="4"/>
        <line num="17" type="stmt" count="9"/>
        <line num="18" type="stmt" count="1"/>
        <line num="21" type="stmt" count="8"/>
        <line num="22" type="stmt" count="1"/>
        <line num="23" type="stmt" count="1"/>
        <line num="24" type="stmt" count="1"/>
        <line num="28" type="stmt" count="7"/>
        <line num="29" type="stmt" count="1"/>
        <line num="32" type="stmt" count="6"/>
        <line num="33" type="stmt" count="1"/>
        <line num="36" type="stmt" count="5"/>
        <line num="37" type="stmt" count="2"/>
        <line num="40" type="stmt" count="3"/>
        <line num="41" type="stmt" count="2"/>
        <line num="44" type="stmt" count="1"/>
        <metrics loc="46" ncloc="44" classes="1" methods="1" coveredmethods="1" conditionals="0" coveredconditionals="0" statements="17" coveredstatements="17" elements="18" coveredelements="18"/>
      </file>
      <file name="/Users/damon.williams/code/github/vonage-php-sdk-core/src/Voice/Webhook/Input.php">
        <class name="Vonage\Voice\Webhook\Input" namespace="Vonage\Voice\Webhook">
          <metrics complexity="10" methods="8" coveredmethods="8" conditionals="0" coveredconditionals="0" statements="19" coveredstatements="19" elements="27" coveredelements="27"/>
        </class>
        <line num="43" type="method" name="__construct" visibility="public" complexity="3" crap="3" count="2"/>
        <line num="46" type="stmt" count="2"/>
        <line num="47" type="stmt" count="1"/>
        <line num="49" type="stmt" count="2"/>
        <line num="52" type="stmt" count="2"/>
        <line num="53" type="stmt" count="1"/>
        <line num="55" type="stmt" count="2"/>
        <line num="56" type="stmt" count="2"/>
        <line num="57" type="stmt" count="2"/>
        <line num="58" type="stmt" count="2"/>
        <line num="59" type="stmt" count="2"/>
        <line num="60" type="stmt" count="2"/>
        <line num="61" type="stmt" count="2"/>
        <line num="63" type="method" name="getSpeech" visibility="public" complexity="1" crap="1" count="2"/>
        <line num="65" type="stmt" count="2"/>
        <line num="68" type="method" name="getDtmf" visibility="public" complexity="1" crap="1" count="2"/>
        <line num="70" type="stmt" count="2"/>
        <line num="73" type="method" name="getFrom" visibility="public" complexity="1" crap="1" count="2"/>
        <line num="75" type="stmt" count="2"/>
        <line num="78" type="method" name="getTo" visibility="public" complexity="1" crap="1" count="2"/>
        <line num="80" type="stmt" count="2"/>
        <line num="83" type="method" name="getUuid" visibility="public" complexity="1" crap="1" count="2"/>
        <line num="85" type="stmt" count="2"/>
        <line num="88" type="method" name="getConversationUuid" visibility="public" complexity="1" crap="1" count="2"/>
        <line num="90" type="stmt" count="2"/>
        <line num="93" type="method" name="getTimestamp" visibility="public" complexity="1" crap="1" count="2"/>
        <line num="95" type="stmt" count="2"/>
        <metrics loc="96" ncloc="71" classes="1" methods="8" coveredmethods="8" conditionals="0" coveredconditionals="0" statements="19" coveredstatements="19" elements="27" coveredelements="27"/>
      </file>
      <file name="/Users/damon.williams/code/github/vonage-php-sdk-core/src/Voice/Webhook/Notification.php">
        <class name="Vonage\Voice\Webhook\Notification" namespace="Vonage\Voice\Webhook">
          <metrics complexity="5" methods="4" coveredmethods="4" conditionals="0" coveredconditionals="0" statements="9" coveredstatements="9" elements="13" coveredelements="13"/>
        </class>
        <line num="23" type="method" name="__construct" visibility="public" complexity="2" crap="2" count="2"/>
        <line num="25" type="stmt" count="2"/>
        <line num="26" type="stmt" count="1"/>
        <line num="29" type="stmt" count="2"/>
        <line num="30" type="stmt" count="2"/>
        <line num="31" type="stmt" count="2"/>
        <line num="32" type="stmt" count="2"/>
        <line num="34" type="method" name="getPayload" visibility="public" complexity="1" crap="1" count="2"/>
        <line num="36" type="stmt" count="2"/>
        <line num="39" type="method" name="getConversationUuid" visibility="public" complexity="1" crap="1" count="2"/>
        <line num="41" type="stmt" count="2"/>
        <line num="44" type="method" name="getTimestamp" visibility="public" complexity="1" crap="1" count="2"/>
        <line num="46" type="stmt" count="2"/>
        <metrics loc="48" ncloc="39" classes="1" methods="4" coveredmethods="4" conditionals="0" coveredconditionals="0" statements="9" coveredstatements="9" elements="13" coveredelements="13"/>
      </file>
      <file name="/Users/damon.williams/code/github/vonage-php-sdk-core/src/Voice/Webhook/Record.php">
        <class name="Vonage\Voice\Webhook\Record" namespace="Vonage\Voice\Webhook">
          <metrics complexity="8" methods="8" coveredmethods="8" conditionals="0" coveredconditionals="0" statements="15" coveredstatements="15" elements="23" coveredelements="23"/>
        </class>
        <line num="43" type="method" name="__construct" visibility="public" complexity="1" crap="1" count="1"/>
        <line num="45" type="stmt" count="1"/>
        <line num="46" type="stmt" count="1"/>
        <line num="47" type="stmt" count="1"/>
        <line num="49" type="stmt" count="1"/>
        <line num="50" type="stmt" count="1"/>
        <line num="51" type="stmt" count="1"/>
        <line num="52" type="stmt" count="1"/>
        <line num="53" type="stmt" count="1"/>
        <line num="55" type="method" name="getStartTime" visibility="public" complexity="1" crap="1" count="1"/>
        <line num="57" type="stmt" count="1"/>
        <line num="60" type="method" name="getRecordingUrl" visibility="public" complexity="1" crap="1" count="1"/>
        <line num="62" type="stmt" count="1"/>
        <line num="65" type="method" name="getSize" visibility="public" complexity="1" crap="1" count="1"/>
        <line num="67" type="stmt" count="1"/>
        <line num="70" type="method" name="getRecordingUuid" visibility="public" complexity="1" crap="1" count="1"/>
        <line num="72" type="stmt" count="1"/>
        <line num="75" type="method" name="getEndTime" visibility="public" complexity="1" crap="1" count="1"/>
        <line num="77" type="stmt" count="1"/>
        <line num="80" type="method" name="getConversationUuid" visibility="public" complexity="1" crap="1" count="1"/>
        <line num="82" type="stmt" count="1"/>
        <line num="85" type="method" name="getTimestamp" visibility="public" complexity="1" crap="1" count="1"/>
        <line num="87" type="stmt" count="1"/>
        <metrics loc="89" ncloc="68" classes="1" methods="8" coveredmethods="8" conditionals="0" coveredconditionals="0" statements="15" coveredstatements="15" elements="23" coveredelements="23"/>
      </file>
      <file name="/Users/damon.williams/code/github/vonage-php-sdk-core/src/Voice/Webhook/Transfer.php">
        <class name="Vonage\Voice\Webhook\Transfer" namespace="Vonage\Voice\Webhook">
          <metrics complexity="5" methods="5" coveredmethods="5" conditionals="0" coveredconditionals="0" statements="9" coveredstatements="9" elements="14" coveredelements="14"/>
        </class>
        <line num="28" type="method" name="__construct" visibility="public" complexity="1" crap="1" count="1"/>
        <line num="30" type="stmt" count="1"/>
        <line num="31" type="stmt" count="1"/>
        <line num="32" type="stmt" count="1"/>
        <line num="33" type="stmt" count="1"/>
        <line num="34" type="stmt" count="1"/>
        <line num="36" type="method" name="getConversationUuidFrom" visibility="public" complexity="1" crap="1" count="1"/>
        <line num="38" type="stmt" count="1"/>
        <line num="41" type="method" name="getConversationUuidTo" visibility="public" complexity="1" crap="1" count="1"/>
        <line num="43" type="stmt" count="1"/>
        <line num="46" type="method" name="getUuid" visibility="public" complexity="1" crap="1" count="1"/>
        <line num="48" type="stmt" count="1"/>
        <line num="51" type="method" name="getTimestamp" visibility="public" complexity="1" crap="1" count="1"/>
        <line num="53" type="stmt" count="1"/>
        <metrics loc="55" ncloc="43" classes="1" methods="5" coveredmethods="5" conditionals="0" coveredconditionals="0" statements="9" coveredstatements="9" elements="14" coveredelements="14"/>
      </file>
    </package>
    <package name="Vonage\Webhook">
      <file name="/Users/damon.williams/code/github/vonage-php-sdk-core/src/Webhook/Factory.php">
        <class name="Vonage\Webhook\Factory" namespace="Vonage\Webhook">
          <metrics complexity="13" methods="3" coveredmethods="0" conditionals="0" coveredconditionals="0" statements="25" coveredstatements="17" elements="28" coveredelements="17"/>
        </class>
        <line num="14" type="method" name="createFromJson" visibility="public" complexity="2" crap="6" count="0"/>
        <line num="16" type="stmt" count="0"/>
        <line num="18" type="stmt" count="0"/>
        <line num="19" type="stmt" count="0"/>
        <line num="22" type="stmt" count="0"/>
        <line num="25" type="method" name="createFromGlobals" visibility="public" complexity="1" crap="2" count="0"/>
        <line num="27" type="stmt" count="0"/>
        <line num="28" type="stmt" count="0"/>
        <line num="31" type="method" name="createFromRequest" visibility="public" complexity="9" crap="9.09" count="21"/>
        <line num="33" type="stmt" count="21"/>
        <line num="34" type="stmt" count="21"/>
        <line num="35" type="stmt" count="21"/>
        <line num="36" type="stmt" count="10"/>
        <line num="38" type="stmt" count="10"/>
        <line num="39" type="stmt" count="10"/>
        <line num="40" type="stmt" count="0"/>
        <line num="43" type="stmt" count="10"/>
        <line num="44" type="stmt" count="11"/>
        <line num="45" type="stmt" count="10"/>
        <line num="46" type="stmt" count="10"/>
        <line num="47" type="stmt" count="9"/>
        <line num="49" type="stmt" count="1"/>
        <line num="51" type="stmt" count="1"/>
        <line num="52" type="stmt" count="1"/>
        <line num="53" type="stmt" count="0"/>
        <line num="57" type="stmt" count="10"/>
        <line num="59" type="stmt" count="1"/>
        <line num="62" type="stmt" count="20"/>
        <metrics loc="64" ncloc="60" classes="1" methods="3" coveredmethods="0" conditionals="0" coveredconditionals="0" statements="25" coveredstatements="17" elements="28" coveredelements="17"/>
      </file>
    </package>
    <metrics files="205" loc="18753" ncloc="14955" classes="166" methods="1271" coveredmethods="915" conditionals="0" coveredconditionals="0" statements="5096" coveredstatements="3993" elements="6367" coveredelements="4908"/>
  </project>
</coverage>
